<?xml version="1.0" encoding="UTF-8"?>
<!-- Generated by org.testng.reporters.JUnitXMLReporter -->
<testsuite ignored="0" hostname="DESKTOP-RV6F1IE" failures="0" tests="2" name="Default test" time="52.284" errors="0" timestamp="2022-12-08T18:21:44 IST">
  <testcase classname="clientapp.tests.ErrorValidationsTest" name="LoginErrorValidation" time="0.685"/>
  <testcase classname="clientapp.tests.ErrorValidationsTest" name="ProductErrorValidation" time="2.24"/>
</testsuite> <!-- Default test -->
