<?xml version="1.0" encoding="UTF-8"?>
<!-- Generated by org.testng.reporters.JUnitXMLReporter -->
<testsuite ignored="0" hostname="DESKTOP-RV6F1IE" failures="0" tests="2" name="Error Validations Test" time="76.404" errors="0" timestamp="2022-12-09T00:46:54 IST">
  <testcase classname="clientapp.tests.ErrorValidationsTest" name="LoginErrorValidation" time="2.788"/>
  <testcase classname="clientapp.tests.ErrorValidationsTest" name="ProductErrorValidation" time="14.8"/>
</testsuite> <!-- Error Validations Test -->
